<?xml version="1.0" encoding="UTF-8"?>
<testsuite time="14.169" failures="0" tests="1" name="tests" >
  <testcase time="14.153" classname="tests" name="jpet.ta" />
</testsuite>